<?xml version="1.0" encoding="UTF-8"?>
<testng-results ignored="0" total="1" passed="1" failed="0" skipped="0">
  <reporter-output>
  </reporter-output>
  <suite started-at="2020-07-17T13:52:40 IST" name="Default suite" finished-at="2020-07-17T13:52:44 IST" duration-ms="4146">
    <groups>
    </groups>
    <test started-at="2020-07-17T13:52:40 IST" name="Default test" finished-at="2020-07-17T13:52:44 IST" duration-ms="4146">
      <class name="serviceRequest.getData">
        <test-method signature="response()[pri:0, instance:serviceRequest.getData@7f1302d6]" started-at="2020-07-17T13:52:40 IST" name="response" finished-at="2020-07-17T13:52:44 IST" duration-ms="4047" status="PASS">
          <reporter-output>
          </reporter-output>
        </test-method> <!-- response -->
      </class> <!-- serviceRequest.getData -->
    </test> <!-- Default test -->
  </suite> <!-- Default suite -->
</testng-results>
