<?xml version="1.0" encoding="UTF-8"?>
<testng-results ignored="0" total="1" passed="1" failed="0" skipped="0">
  <reporter-output>
  </reporter-output>
  <suite started-at="2020-07-20T12:06:34 IST" name="Default suite" finished-at="2020-07-20T12:06:42 IST" duration-ms="8386">
    <groups>
    </groups>
    <test started-at="2020-07-20T12:06:34 IST" name="Default test" finished-at="2020-07-20T12:06:42 IST" duration-ms="8386">
      <class name="serviceRequest.Test1">
        <test-method signature="f()[pri:0, instance:serviceRequest.Test1@33afa13b]" started-at="2020-07-20T12:06:34 IST" name="f" finished-at="2020-07-20T12:06:42 IST" duration-ms="8322" status="PASS">
          <reporter-output>
          </reporter-output>
        </test-method> <!-- f -->
      </class> <!-- serviceRequest.Test1 -->
    </test> <!-- Default test -->
  </suite> <!-- Default suite -->
</testng-results>
