<?xml version="1.0" encoding="UTF-8"?>
<testng-results ignored="0" total="1" passed="1" failed="0" skipped="0">
  <reporter-output>
  </reporter-output>
  <suite started-at="2020-07-23T12:09:11 IST" name="Default suite" finished-at="2020-07-23T12:09:24 IST" duration-ms="12729">
    <groups>
    </groups>
    <test started-at="2020-07-23T12:09:11 IST" name="Default test" finished-at="2020-07-23T12:09:24 IST" duration-ms="12729">
      <class name="NewTest">
        <test-method signature="f()[pri:0, instance:NewTest@25d250c6]" started-at="2020-07-23T12:09:11 IST" name="f" finished-at="2020-07-23T12:09:24 IST" duration-ms="12632" status="PASS">
          <reporter-output>
          </reporter-output>
        </test-method> <!-- f -->
      </class> <!-- NewTest -->
    </test> <!-- Default test -->
  </suite> <!-- Default suite -->
</testng-results>
